The following values were not passed to `accelerate launch` and had defaults used instead:
	`--num_processes` was set to a value of `1`
	`--num_machines` was set to a value of `1`
	`--mixed_precision` was set to a value of `'no'`
	`--dynamo_backend` was set to a value of `'no'`
To avoid this warning pass in values for each of the problematic parameters or run `accelerate config`.
Traceback (most recent call last):
  File "/storage/ice1/6/8/htang318/mamba/train_reflong.py", line 25, in <module>
    from mamba_ssm.models.config_mamba import MambaConfig
  File "/storage/ice1/6/8/htang318/mamba/mamba_ssm/__init__.py", line 3, in <module>
    from mamba_ssm.ops.selective_scan_interface import selective_scan_fn, mamba_inner_fn
  File "/storage/ice1/6/8/htang318/mamba/mamba_ssm/ops/selective_scan_interface.py", line 20, in <module>
    import selective_scan_cuda
ImportError: /storage/ice1/6/8/htang318/mamba/selective_scan_cuda.cpython-311-x86_64-linux-gnu.so: undefined symbol: _ZN3c104cuda9SetDeviceEab
Traceback (most recent call last):
  File "<frozen runpy>", line 198, in _run_module_as_main
  File "<frozen runpy>", line 88, in _run_code
  File "/home/hice1/htang318/miniconda3/envs/mamba/lib/python3.11/site-packages/accelerate/commands/launch.py", line 1245, in <module>
    main()
  File "/home/hice1/htang318/miniconda3/envs/mamba/lib/python3.11/site-packages/accelerate/commands/launch.py", line 1241, in main
    launch_command(args)
  File "/home/hice1/htang318/miniconda3/envs/mamba/lib/python3.11/site-packages/accelerate/commands/launch.py", line 1235, in launch_command
    simple_launcher(args)
  File "/home/hice1/htang318/miniconda3/envs/mamba/lib/python3.11/site-packages/accelerate/commands/launch.py", line 823, in simple_launcher
    raise subprocess.CalledProcessError(returncode=process.returncode, cmd=cmd)
subprocess.CalledProcessError: Command '['/home/hice1/htang318/miniconda3/envs/mamba/bin/python', 'train_reflong.py', '--model_name_or_path', '/storage/ice1/6/8/htang318/mamba-2.8b-hf', '--adapter_config', 'mamba_ssm/smh_ref_long.json', '--dataset_path', '/home/hice1/htang318/scratch/Ref-Long-full/data/Ref-Long-A/before/multi_stars_hard_24K.json', '--answers_path', '/home/hice1/htang318/scratch/Ref-Long-full/data/Ref-Long-A/answers/multi_stars_hard_24K_answers.json', '--output_dir', 'outputs/reflong_mamba_adapter', '--logging_dir', 'logs/reflong_mamba_adapter', '--per_device_train_batch_size', '1', '--per_device_eval_batch_size', '1', '--gradient_accumulation_steps', '2', '--num_train_epochs', '3', '--learning_rate', '2e-5', '--warmup_ratio', '0.03', '--lr_scheduler_type', 'cosine', '--weight_decay', '0.1', '--max_seq_length', '4096', '--save_steps', '500', '--eval_steps', '500', '--save_total_limit', '3', '--load_best_model_at_end', '--metric_for_best_model', 'eval_accuracy', '--greater_is_better', '--bf16', '--logging_steps', '25']' returned non-zero exit status 1.
